<?xml version="1.0" encoding="UTF-8"?>
<testsuite name="helloworld.AppTest" tests="1" skipped="0" failures="0" errors="0" timestamp="2020-03-05T03:40:12" hostname="LAPTOP-G0AA3OAQ" time="0.832">
  <properties/>
  <testcase name="successfulResponse" classname="helloworld.AppTest" time="0.832"/>
  <system-out><![CDATA[]]></system-out>
  <system-err><![CDATA[]]></system-err>
</testsuite>
